2017-01-14 11:13:27,098 manager INFO 1.1.0
2017-01-14 11:13:27,098 manager INFO Copyright (C) 2003-2010
2017-01-14 11:13:27,098 manager INFO   Noriaki Ando
2017-01-14 11:13:27,098 manager INFO   Intelligent Systems Research Institute, AIST
2017-01-14 11:13:27,098 manager INFO Manager starting.
2017-01-14 11:13:27,098 manager INFO Starting local logging.
2017-01-14 11:13:27,100 manager.namingmanager INFO NameServer connection succeeded: corba/localhost
2017-01-14 11:13:27,103 ManagerServant INFO Master manager not found
2017-01-14 11:13:27,103 manager WARNING Traceback (most recent call last):
  File "/usr/lib/python2.7/dist-packages/OpenRTM_aist/Manager.py", line 1900, in initManagerServant
    reffile = file(self._config.getProperty("manager.refstring_path"),'w')
IOError: [Errno 13] Permission denied: '/var/log/rtcmanager.ref'

2017-01-14 11:13:27,103 LocalServiceAdmin INFO All the local services are enabled.
2017-01-14 11:13:27,106 manager INFO Component type conf file: ObjTester.conf loaded.
2017-01-14 11:13:27,107 ec_base INFO setRate(1000000.000000) done
2017-01-14 11:13:27,107 ec_base INFO setRate(1000.000000) done
2017-01-14 11:13:27,108 rtobject INFO 1 execution context was created.
2017-01-14 11:13:27,109 rtobject INFO Initial active configuration set is default-set.
2017-01-14 11:13:40,642 SdoServiceAdmin WARNING No available SDO service in the factory: 
2017-01-14 11:13:40,642 SdoServiceAdmin ERROR type  already exists.
2017-01-14 11:13:40,644 SdoServiceAdmin WARNING No available SDO service in the factory: IDL:OpenRTM/ComponentObserver:1.0
2017-01-14 11:13:40,644 SdoServiceAdmin ERROR type de37493d-1de8-4116-8f19-ea9952727f45 already exists.
2017-01-14 11:13:40,655 ec_base INFO setRate(1000.000000) done
